[debug] [2020-09-11T17:06:10.311Z] ----------------------------------------------------------------------
[debug] [2020-09-11T17:06:10.314Z] Command:       /usr/local/bin/firebase /home/asad/.cache/firebase/tools/lib/node_modules/firebase-tools/lib/bin/firebase emulators:start
[debug] [2020-09-11T17:06:10.314Z] CLI Version:   8.9.2
[debug] [2020-09-11T17:06:10.314Z] Platform:      linux
[debug] [2020-09-11T17:06:10.314Z] Node Version:  v12.18.1
[debug] [2020-09-11T17:06:10.320Z] Time:          Fri Sep 11 2020 22:06:10 GMT+0500 (Pakistan Standard Time)
[debug] [2020-09-11T17:06:10.320Z] ----------------------------------------------------------------------
[debug] [2020-09-11T17:06:10.320Z] 
[debug] [2020-09-11T17:06:10.332Z] > command requires scopes: ["email","openid","https://www.googleapis.com/auth/cloudplatformprojects.readonly","https://www.googleapis.com/auth/firebase","https://www.googleapis.com/auth/cloud-platform"]
[debug] [2020-09-11T17:06:10.333Z] > authorizing via signed-in user
[info] i  emulators: Starting emulators: functions, hosting {"metadata":{"emulator":{"name":"hub"},"message":"Starting emulators: functions, hosting"}}
[warn] ⚠  emulators: It seems that you are running multiple instances of the emulator suite for project amzone-challenge. This may result in unexpected behavior. 
[debug] [2020-09-11T17:06:10.374Z] [hub] writing locator at /tmp/hub-amzone-challenge.json
[warn] ⚠  functions: The following emulators are not running, calls to these services from the Functions emulator will affect production: firestore, database, pubsub {"metadata":{"emulator":{"name":"functions"},"message":"The following emulators are not running, calls to these services from the Functions emulator will affect production: \u001b[1mfirestore, database, pubsub\u001b[22m"}}
[warn] ⚠  Your requested "node" version "10" doesn't match your global version "12" {"metadata":{"emulator":{"name":"functions"},"message":"Your requested \"node\" version \"10\" doesn't match your global version \"12\""}}
[debug] [2020-09-11T17:06:10.448Z] defaultcredentials: writing to file /home/asad/.config/firebase/asadsiddique_a_gmail.com_application_default_credentials.json
[debug] [2020-09-11T17:06:10.454Z] Setting GAC to /home/asad/.config/firebase/asadsiddique_a_gmail.com_application_default_credentials.json {"metadata":{"emulator":{"name":"functions"},"message":"Setting GAC to /home/asad/.config/firebase/asadsiddique_a_gmail.com_application_default_credentials.json"}}
[debug] [2020-09-11T17:06:10.793Z] > refreshing access token with scopes: ["email","https://www.googleapis.com/auth/cloud-platform","https://www.googleapis.com/auth/cloudplatformprojects.readonly","https://www.googleapis.com/auth/firebase","openid"]
[debug] [2020-09-11T17:06:10.793Z] >>> HTTP REQUEST POST https://www.googleapis.com/oauth2/v3/token  
 <request body omitted>
[debug] [2020-09-11T17:06:13.796Z] <<< HTTP RESPONSE 200 {"content-type":"application/json; charset=utf-8","vary":"X-Origin, Referer, Origin,Accept-Encoding","date":"Fri, 11 Sep 2020 17:06:13 GMT","server":"scaffolding on HTTPServer2","cache-control":"private","x-xss-protection":"0","x-frame-options":"SAMEORIGIN","x-content-type-options":"nosniff","alt-svc":"h3-29=\":443\"; ma=2592000,h3-27=\":443\"; ma=2592000,h3-T051=\":443\"; ma=2592000,h3-T050=\":443\"; ma=2592000,h3-Q050=\":443\"; ma=2592000,h3-Q046=\":443\"; ma=2592000,h3-Q043=\":443\"; ma=2592000,quic=\":443\"; ma=2592000; v=\"46,43\"","accept-ranges":"none","transfer-encoding":"chunked"}
[debug] [2020-09-11T17:06:13.817Z] >>> HTTP REQUEST GET https://firebase.googleapis.com/v1beta1/projects/amzone-challenge/webApps/-/config  
 
[debug] [2020-09-11T17:06:17.733Z] <<< HTTP RESPONSE 200 {"content-type":"application/json; charset=UTF-8","vary":"X-Origin, Referer, Origin,Accept-Encoding","date":"Fri, 11 Sep 2020 17:06:17 GMT","server":"ESF","cache-control":"private","x-xss-protection":"0","x-frame-options":"SAMEORIGIN","x-content-type-options":"nosniff","alt-svc":"h3-29=\":443\"; ma=2592000,h3-27=\":443\"; ma=2592000,h3-T051=\":443\"; ma=2592000,h3-T050=\":443\"; ma=2592000,h3-Q050=\":443\"; ma=2592000,h3-Q046=\":443\"; ma=2592000,h3-Q043=\":443\"; ma=2592000,quic=\":443\"; ma=2592000; v=\"46,43\"","accept-ranges":"none","transfer-encoding":"chunked"}
[info] i  hosting: Serving hosting files from: build {"metadata":{"emulator":{"name":"hosting"},"message":"Serving hosting files from: \u001b[1mbuild\u001b[22m"}}
[info] ✔  hosting: Local server: http://localhost:5000 {"metadata":{"emulator":{"name":"hosting"},"message":"Local server: \u001b[4m\u001b[1mhttp://localhost:5000\u001b[22m\u001b[24m"}}
[warn] ⚠  ui: Emulator UI unable to start on port 4000, starting on 4001 instead. {"metadata":{"emulator":{"name":"ui"},"message":"Emulator UI unable to start on port 4000, starting on 4001 instead."}}
[debug] [2020-09-11T17:06:17.797Z] Ignoring unsupported arg: auto_download {"metadata":{"emulator":{"name":"ui"},"message":"Ignoring unsupported arg: auto_download"}}
[debug] [2020-09-11T17:06:17.798Z] Ignoring unsupported arg: port {"metadata":{"emulator":{"name":"ui"},"message":"Ignoring unsupported arg: port"}}
[debug] [2020-09-11T17:06:17.798Z] Starting Emulator UI with command {"binary":"node","args":["/home/asad/.cache/firebase/emulators/ui-v1.1.1/server.bundle.js"],"optionalArgs":[],"joinArgs":false} {"metadata":{"emulator":{"name":"ui"},"message":"Starting Emulator UI with command {\"binary\":\"node\",\"args\":[\"/home/asad/.cache/firebase/emulators/ui-v1.1.1/server.bundle.js\"],\"optionalArgs\":[],\"joinArgs\":false}"}}
[info] i  ui: Emulator UI logging to ui-debug.log {"metadata":{"emulator":{"name":"ui"},"message":"Emulator UI logging to \u001b[1mui-debug.log\u001b[22m"}}
[debug] [2020-09-11T17:06:18.042Z] Web / API server started at http://localhost:4001
 {"metadata":{"emulator":{"name":"ui"},"message":"Web / API server started at http://localhost:4001\n"}}
[info] i  functions: Watching "/home/asad/Documents/GitHub/BootCamp_Projects/amazon-clone/functions" for Cloud Functions... {"metadata":{"emulator":{"name":"functions"},"message":"Watching \"/home/asad/Documents/GitHub/BootCamp_Projects/amazon-clone/functions\" for Cloud Functions..."}}
[debug] [2020-09-11T17:06:18.116Z] [worker-pool] addWorker(~diagnostic~) {"metadata":{"emulator":{"name":"functions"},"message":"[worker-pool] addWorker(~diagnostic~)"}}
[debug] [2020-09-11T17:06:18.117Z] [worker-pool] Adding worker with key ~diagnostic~, total=1 {"metadata":{"emulator":{"name":"functions"},"message":"[worker-pool] Adding worker with key ~diagnostic~, total=1"}}
[debug] [2020-09-11T17:06:18.117Z] [worker-pool] submitWork(triggerId=) {"metadata":{"emulator":{"name":"functions"},"message":"[worker-pool] submitWork(triggerId=)"}}
[debug] [2020-09-11T17:06:18.118Z] [worker-~diagnostic~-0cd4c21a-06c0-4208-bce9-a0936bd618a6]: Assigning socketPath: /tmp/fire_emu_16105.sock {"metadata":{"emulator":{"name":"functions"},"message":"[worker-~diagnostic~-0cd4c21a-06c0-4208-bce9-a0936bd618a6]: Assigning socketPath: /tmp/fire_emu_16105.sock"}}
[debug] [2020-09-11T17:06:18.118Z] [worker-~diagnostic~-0cd4c21a-06c0-4208-bce9-a0936bd618a6]: BUSY {"metadata":{"emulator":{"name":"functions"},"message":"[worker-~diagnostic~-0cd4c21a-06c0-4208-bce9-a0936bd618a6]: BUSY"}}
[debug] [2020-09-11T17:06:18.754Z] [runtime-status] [16105] Functions runtime initialized. {"cwd":"/home/asad/Documents/GitHub/BootCamp_Projects/amazon-clone/functions","node_version":"12.18.1"} {"metadata":{"emulator":{"name":"functions"},"message":"[runtime-status] [16105] Functions runtime initialized. {\"cwd\":\"/home/asad/Documents/GitHub/BootCamp_Projects/amazon-clone/functions\",\"node_version\":\"12.18.1\"}"}}
[debug] [2020-09-11T17:06:18.757Z] [runtime-status] [16105] Disabled runtime features: undefined {"metadata":{"emulator":{"name":"functions"},"message":"[runtime-status] [16105] Disabled runtime features: undefined"}}
[debug] [2020-09-11T17:06:18.758Z] [runtime-status] [16105] Resolved module firebase-admin {"declared":true,"installed":true,"version":"8.13.0","resolution":"/home/asad/Documents/GitHub/BootCamp_Projects/amazon-clone/functions/node_modules/firebase-admin/lib/index.js"} {"metadata":{"emulator":{"name":"functions"},"message":"[runtime-status] [16105] Resolved module firebase-admin {\"declared\":true,\"installed\":true,\"version\":\"8.13.0\",\"resolution\":\"/home/asad/Documents/GitHub/BootCamp_Projects/amazon-clone/functions/node_modules/firebase-admin/lib/index.js\"}"}}
[debug] [2020-09-11T17:06:18.761Z] [runtime-status] [16105] Resolved module firebase-functions {"declared":true,"installed":true,"version":"3.11.0","resolution":"/home/asad/Documents/GitHub/BootCamp_Projects/amazon-clone/functions/node_modules/firebase-functions/lib/index.js"} {"metadata":{"emulator":{"name":"functions"},"message":"[runtime-status] [16105] Resolved module firebase-functions {\"declared\":true,\"installed\":true,\"version\":\"3.11.0\",\"resolution\":\"/home/asad/Documents/GitHub/BootCamp_Projects/amazon-clone/functions/node_modules/firebase-functions/lib/index.js\"}"}}
[debug] [2020-09-11T17:06:18.762Z] [runtime-status] [16105] Resolved module firebase-functions {"declared":true,"installed":true,"version":"3.11.0","resolution":"/home/asad/Documents/GitHub/BootCamp_Projects/amazon-clone/functions/node_modules/firebase-functions/lib/index.js"} {"metadata":{"emulator":{"name":"functions"},"message":"[runtime-status] [16105] Resolved module firebase-functions {\"declared\":true,\"installed\":true,\"version\":\"3.11.0\",\"resolution\":\"/home/asad/Documents/GitHub/BootCamp_Projects/amazon-clone/functions/node_modules/firebase-functions/lib/index.js\"}"}}
[debug] [2020-09-11T17:06:18.765Z] [runtime-status] [16105] Outgoing network have been stubbed. [{"name":"http","status":"mocked"},{"name":"http","status":"mocked"},{"name":"https","status":"mocked"},{"name":"https","status":"mocked"},{"name":"net","status":"mocked"}] {"metadata":{"emulator":{"name":"functions"},"message":"[runtime-status] [16105] Outgoing network have been stubbed. [{\"name\":\"http\",\"status\":\"mocked\"},{\"name\":\"http\",\"status\":\"mocked\"},{\"name\":\"https\",\"status\":\"mocked\"},{\"name\":\"https\",\"status\":\"mocked\"},{\"name\":\"net\",\"status\":\"mocked\"}]"}}
[debug] [2020-09-11T17:06:18.767Z] [runtime-status] [16105] Resolved module firebase-functions {"declared":true,"installed":true,"version":"3.11.0","resolution":"/home/asad/Documents/GitHub/BootCamp_Projects/amazon-clone/functions/node_modules/firebase-functions/lib/index.js"} {"metadata":{"emulator":{"name":"functions"},"message":"[runtime-status] [16105] Resolved module firebase-functions {\"declared\":true,\"installed\":true,\"version\":\"3.11.0\",\"resolution\":\"/home/asad/Documents/GitHub/BootCamp_Projects/amazon-clone/functions/node_modules/firebase-functions/lib/index.js\"}"}}
[debug] [2020-09-11T17:06:18.832Z] [runtime-status] [16105] Checked functions.config() {"config":{}} {"metadata":{"emulator":{"name":"functions"},"message":"[runtime-status] [16105] Checked functions.config() {\"config\":{}}"}}
[debug] [2020-09-11T17:06:18.833Z] [runtime-status] [16105] firebase-functions has been stubbed. {"functionsResolution":{"declared":true,"installed":true,"version":"3.11.0","resolution":"/home/asad/Documents/GitHub/BootCamp_Projects/amazon-clone/functions/node_modules/firebase-functions/lib/index.js"}} {"metadata":{"emulator":{"name":"functions"},"message":"[runtime-status] [16105] firebase-functions has been stubbed. {\"functionsResolution\":{\"declared\":true,\"installed\":true,\"version\":\"3.11.0\",\"resolution\":\"/home/asad/Documents/GitHub/BootCamp_Projects/amazon-clone/functions/node_modules/firebase-functions/lib/index.js\"}}"}}
[debug] [2020-09-11T17:06:18.835Z] [runtime-status] [16105] Resolved module firebase-functions {"declared":true,"installed":true,"version":"3.11.0","resolution":"/home/asad/Documents/GitHub/BootCamp_Projects/amazon-clone/functions/node_modules/firebase-functions/lib/index.js"} {"metadata":{"emulator":{"name":"functions"},"message":"[runtime-status] [16105] Resolved module firebase-functions {\"declared\":true,\"installed\":true,\"version\":\"3.11.0\",\"resolution\":\"/home/asad/Documents/GitHub/BootCamp_Projects/amazon-clone/functions/node_modules/firebase-functions/lib/index.js\"}"}}
[debug] [2020-09-11T17:06:18.837Z] [runtime-status] [16105] Resolved module firebase-admin {"declared":true,"installed":true,"version":"8.13.0","resolution":"/home/asad/Documents/GitHub/BootCamp_Projects/amazon-clone/functions/node_modules/firebase-admin/lib/index.js"} {"metadata":{"emulator":{"name":"functions"},"message":"[runtime-status] [16105] Resolved module firebase-admin {\"declared\":true,\"installed\":true,\"version\":\"8.13.0\",\"resolution\":\"/home/asad/Documents/GitHub/BootCamp_Projects/amazon-clone/functions/node_modules/firebase-admin/lib/index.js\"}"}}
[debug] [2020-09-11T17:06:18.838Z] [runtime-status] [16105] Resolved module firebase-functions {"declared":true,"installed":true,"version":"3.11.0","resolution":"/home/asad/Documents/GitHub/BootCamp_Projects/amazon-clone/functions/node_modules/firebase-functions/lib/index.js"} {"metadata":{"emulator":{"name":"functions"},"message":"[runtime-status] [16105] Resolved module firebase-functions {\"declared\":true,\"installed\":true,\"version\":\"3.11.0\",\"resolution\":\"/home/asad/Documents/GitHub/BootCamp_Projects/amazon-clone/functions/node_modules/firebase-functions/lib/index.js\"}"}}
[debug] [2020-09-11T17:06:18.838Z] [runtime-status] [16105] firebase-admin has been stubbed. {"adminResolution":{"declared":true,"installed":true,"version":"8.13.0","resolution":"/home/asad/Documents/GitHub/BootCamp_Projects/amazon-clone/functions/node_modules/firebase-admin/lib/index.js"}} {"metadata":{"emulator":{"name":"functions"},"message":"[runtime-status] [16105] firebase-admin has been stubbed. {\"adminResolution\":{\"declared\":true,\"installed\":true,\"version\":\"8.13.0\",\"resolution\":\"/home/asad/Documents/GitHub/BootCamp_Projects/amazon-clone/functions/node_modules/firebase-admin/lib/index.js\"}}"}}
[info] ✔  functions[api]: http function initialized (http://localhost:5001/amzone-challenge/us-central1/api). {"metadata":{"emulator":{"name":"functions"},"message":"\u001b[1mhttp\u001b[22m function initialized (http://localhost:5001/amzone-challenge/us-central1/api)."}}
[info] 
┌───────────────────────────────────────────────────────────────────────┐
│ ✔  All emulators ready! View status and logs at http://localhost:4001 │
└───────────────────────────────────────────────────────────────────────┘

┌───────────┬────────────────┬─────────────────────────────────┐
│ Emulator  │ Host:Port      │ View in Emulator UI             │
├───────────┼────────────────┼─────────────────────────────────┤
│ Functions │ localhost:5001 │ http://localhost:4001/functions │
├───────────┼────────────────┼─────────────────────────────────┤
│ Hosting   │ localhost:5000 │ n/a                             │
└───────────┴────────────────┴─────────────────────────────────┘
  Other reserved ports: 4400, 4500

Issues? Report them at https://github.com/firebase/firebase-tools/issues and attach the *-debug.log files.
 
[debug] [2020-09-11T17:06:19.117Z] [worker-~diagnostic~-0cd4c21a-06c0-4208-bce9-a0936bd618a6]: IDLE {"metadata":{"emulator":{"name":"functions"},"message":"[worker-~diagnostic~-0cd4c21a-06c0-4208-bce9-a0936bd618a6]: IDLE"}}
[debug] [2020-09-11T17:06:46.159Z] [work-queue] {"queueLength":1,"workRunningCount":0}
[debug] [2020-09-11T17:06:46.160Z] [work-queue] {"queueLength":0,"workRunningCount":1}
[debug] [2020-09-11T17:06:46.161Z] Accepted request GET /amzone-challenge/us-central1/api --> api
[debug] [2020-09-11T17:06:46.177Z] [worker-pool] addWorker(api) {"metadata":{"emulator":{"name":"functions"},"message":"[worker-pool] addWorker(api)"}}
[debug] [2020-09-11T17:06:46.178Z] [worker-pool] Adding worker with key api, total=1 {"metadata":{"emulator":{"name":"functions"},"message":"[worker-pool] Adding worker with key api, total=1"}}
[debug] [2020-09-11T17:06:46.178Z] [worker-pool] submitWork(triggerId=api) {"metadata":{"emulator":{"name":"functions"},"message":"[worker-pool] submitWork(triggerId=api)"}}
[debug] [2020-09-11T17:06:46.179Z] [worker-api-643fe948-b3e0-4f65-a8b3-dd8498b61be6]: Assigning socketPath: /tmp/fire_emu_16199.sock {"metadata":{"emulator":{"name":"functions"},"message":"[worker-api-643fe948-b3e0-4f65-a8b3-dd8498b61be6]: Assigning socketPath: /tmp/fire_emu_16199.sock"}}
[debug] [2020-09-11T17:06:46.179Z] [worker-api-643fe948-b3e0-4f65-a8b3-dd8498b61be6]: BUSY {"metadata":{"emulator":{"name":"functions"},"message":"[worker-api-643fe948-b3e0-4f65-a8b3-dd8498b61be6]: BUSY"}}
[debug] [2020-09-11T17:06:47.067Z] [runtime-status] [16199] Functions runtime initialized. {"cwd":"/home/asad/Documents/GitHub/BootCamp_Projects/amazon-clone/functions","node_version":"12.18.1"} {"metadata":{"emulator":{"name":"functions"},"function":{"name":"api"},"message":"[runtime-status] [16199] Functions runtime initialized. {\"cwd\":\"/home/asad/Documents/GitHub/BootCamp_Projects/amazon-clone/functions\",\"node_version\":\"12.18.1\"}"}}
[debug] [2020-09-11T17:06:47.071Z] [runtime-status] [16199] Disabled runtime features: undefined {"metadata":{"emulator":{"name":"functions"},"function":{"name":"api"},"message":"[runtime-status] [16199] Disabled runtime features: undefined"}}
[debug] [2020-09-11T17:06:47.076Z] [runtime-status] [16199] Resolved module firebase-admin {"declared":true,"installed":true,"version":"8.13.0","resolution":"/home/asad/Documents/GitHub/BootCamp_Projects/amazon-clone/functions/node_modules/firebase-admin/lib/index.js"} {"metadata":{"emulator":{"name":"functions"},"function":{"name":"api"},"message":"[runtime-status] [16199] Resolved module firebase-admin {\"declared\":true,\"installed\":true,\"version\":\"8.13.0\",\"resolution\":\"/home/asad/Documents/GitHub/BootCamp_Projects/amazon-clone/functions/node_modules/firebase-admin/lib/index.js\"}"}}
[debug] [2020-09-11T17:06:47.078Z] [runtime-status] [16199] Resolved module firebase-functions {"declared":true,"installed":true,"version":"3.11.0","resolution":"/home/asad/Documents/GitHub/BootCamp_Projects/amazon-clone/functions/node_modules/firebase-functions/lib/index.js"} {"metadata":{"emulator":{"name":"functions"},"function":{"name":"api"},"message":"[runtime-status] [16199] Resolved module firebase-functions {\"declared\":true,\"installed\":true,\"version\":\"3.11.0\",\"resolution\":\"/home/asad/Documents/GitHub/BootCamp_Projects/amazon-clone/functions/node_modules/firebase-functions/lib/index.js\"}"}}
[debug] [2020-09-11T17:06:47.082Z] [runtime-status] [16199] Resolved module firebase-functions {"declared":true,"installed":true,"version":"3.11.0","resolution":"/home/asad/Documents/GitHub/BootCamp_Projects/amazon-clone/functions/node_modules/firebase-functions/lib/index.js"} {"metadata":{"emulator":{"name":"functions"},"function":{"name":"api"},"message":"[runtime-status] [16199] Resolved module firebase-functions {\"declared\":true,\"installed\":true,\"version\":\"3.11.0\",\"resolution\":\"/home/asad/Documents/GitHub/BootCamp_Projects/amazon-clone/functions/node_modules/firebase-functions/lib/index.js\"}"}}
[debug] [2020-09-11T17:06:47.083Z] [runtime-status] [16199] Outgoing network have been stubbed. [{"name":"http","status":"mocked"},{"name":"http","status":"mocked"},{"name":"https","status":"mocked"},{"name":"https","status":"mocked"},{"name":"net","status":"mocked"}] {"metadata":{"emulator":{"name":"functions"},"function":{"name":"api"},"message":"[runtime-status] [16199] Outgoing network have been stubbed. [{\"name\":\"http\",\"status\":\"mocked\"},{\"name\":\"http\",\"status\":\"mocked\"},{\"name\":\"https\",\"status\":\"mocked\"},{\"name\":\"https\",\"status\":\"mocked\"},{\"name\":\"net\",\"status\":\"mocked\"}]"}}
[debug] [2020-09-11T17:06:47.084Z] [runtime-status] [16199] Resolved module firebase-functions {"declared":true,"installed":true,"version":"3.11.0","resolution":"/home/asad/Documents/GitHub/BootCamp_Projects/amazon-clone/functions/node_modules/firebase-functions/lib/index.js"} {"metadata":{"emulator":{"name":"functions"},"function":{"name":"api"},"message":"[runtime-status] [16199] Resolved module firebase-functions {\"declared\":true,\"installed\":true,\"version\":\"3.11.0\",\"resolution\":\"/home/asad/Documents/GitHub/BootCamp_Projects/amazon-clone/functions/node_modules/firebase-functions/lib/index.js\"}"}}
[debug] [2020-09-11T17:06:47.139Z] [runtime-status] [16199] Checked functions.config() {"config":{}} {"metadata":{"emulator":{"name":"functions"},"function":{"name":"api"},"message":"[runtime-status] [16199] Checked functions.config() {\"config\":{}}"}}
[debug] [2020-09-11T17:06:47.140Z] [runtime-status] [16199] firebase-functions has been stubbed. {"functionsResolution":{"declared":true,"installed":true,"version":"3.11.0","resolution":"/home/asad/Documents/GitHub/BootCamp_Projects/amazon-clone/functions/node_modules/firebase-functions/lib/index.js"}} {"metadata":{"emulator":{"name":"functions"},"function":{"name":"api"},"message":"[runtime-status] [16199] firebase-functions has been stubbed. {\"functionsResolution\":{\"declared\":true,\"installed\":true,\"version\":\"3.11.0\",\"resolution\":\"/home/asad/Documents/GitHub/BootCamp_Projects/amazon-clone/functions/node_modules/firebase-functions/lib/index.js\"}}"}}
[debug] [2020-09-11T17:06:47.142Z] [runtime-status] [16199] Resolved module firebase-functions {"declared":true,"installed":true,"version":"3.11.0","resolution":"/home/asad/Documents/GitHub/BootCamp_Projects/amazon-clone/functions/node_modules/firebase-functions/lib/index.js"} {"metadata":{"emulator":{"name":"functions"},"function":{"name":"api"},"message":"[runtime-status] [16199] Resolved module firebase-functions {\"declared\":true,\"installed\":true,\"version\":\"3.11.0\",\"resolution\":\"/home/asad/Documents/GitHub/BootCamp_Projects/amazon-clone/functions/node_modules/firebase-functions/lib/index.js\"}"}}
[debug] [2020-09-11T17:06:47.144Z] [runtime-status] [16199] Resolved module firebase-admin {"declared":true,"installed":true,"version":"8.13.0","resolution":"/home/asad/Documents/GitHub/BootCamp_Projects/amazon-clone/functions/node_modules/firebase-admin/lib/index.js"} {"metadata":{"emulator":{"name":"functions"},"function":{"name":"api"},"message":"[runtime-status] [16199] Resolved module firebase-admin {\"declared\":true,\"installed\":true,\"version\":\"8.13.0\",\"resolution\":\"/home/asad/Documents/GitHub/BootCamp_Projects/amazon-clone/functions/node_modules/firebase-admin/lib/index.js\"}"}}
[debug] [2020-09-11T17:06:47.146Z] [runtime-status] [16199] Resolved module firebase-functions {"declared":true,"installed":true,"version":"3.11.0","resolution":"/home/asad/Documents/GitHub/BootCamp_Projects/amazon-clone/functions/node_modules/firebase-functions/lib/index.js"} {"metadata":{"emulator":{"name":"functions"},"function":{"name":"api"},"message":"[runtime-status] [16199] Resolved module firebase-functions {\"declared\":true,\"installed\":true,\"version\":\"3.11.0\",\"resolution\":\"/home/asad/Documents/GitHub/BootCamp_Projects/amazon-clone/functions/node_modules/firebase-functions/lib/index.js\"}"}}
[debug] [2020-09-11T17:06:47.146Z] [runtime-status] [16199] firebase-admin has been stubbed. {"adminResolution":{"declared":true,"installed":true,"version":"8.13.0","resolution":"/home/asad/Documents/GitHub/BootCamp_Projects/amazon-clone/functions/node_modules/firebase-admin/lib/index.js"}} {"metadata":{"emulator":{"name":"functions"},"function":{"name":"api"},"message":"[runtime-status] [16199] firebase-admin has been stubbed. {\"adminResolution\":{\"declared\":true,\"installed\":true,\"version\":\"8.13.0\",\"resolution\":\"/home/asad/Documents/GitHub/BootCamp_Projects/amazon-clone/functions/node_modules/firebase-admin/lib/index.js\"}}"}}
[debug] [2020-09-11T17:06:47.285Z] [runtime-status] [16199] Trigger "api" has been found, beginning invocation! {"metadata":{"emulator":{"name":"functions"},"function":{"name":"api"},"message":"[runtime-status] [16199] Trigger \"api\" has been found, beginning invocation!"}}
[info] i  functions: Beginning execution of "api" {"metadata":{"emulator":{"name":"functions"},"function":{"name":"api"},"message":"Beginning execution of \"api\""}}
[debug] [2020-09-11T17:06:47.286Z] [runtime-status] [16199] triggerDefinition {"httpsTrigger":{},"name":"api","entryPoint":"api"} {"metadata":{"emulator":{"name":"functions"},"function":{"name":"api"},"message":"[runtime-status] [16199] triggerDefinition {\"httpsTrigger\":{},\"name\":\"api\",\"entryPoint\":\"api\"}"}}
[debug] [2020-09-11T17:06:47.287Z] [runtime-status] [16199] Running api in mode HTTPS {"metadata":{"emulator":{"name":"functions"},"function":{"name":"api"},"message":"[runtime-status] [16199] Running api in mode HTTPS"}}
[debug] [2020-09-11T17:06:47.293Z] [runtime-status] [16199] Attempting to listen to socketPath: /tmp/fire_emu_16199.sock {"metadata":{"emulator":{"name":"functions"},"function":{"name":"api"},"message":"[runtime-status] [16199] Attempting to listen to socketPath: /tmp/fire_emu_16199.sock"}}
[debug] [2020-09-11T17:06:47.299Z] [functions] Runtime ready! Sending request! {"metadata":{"emulator":{"name":"functions"},"message":"[functions] Runtime ready! Sending request!"}}
[debug] [2020-09-11T17:06:47.317Z] [runtime-status] [16199] Ephemeral server handling GET request {"metadata":{"emulator":{"name":"functions"},"function":{"name":"api"},"message":"[runtime-status] [16199] Ephemeral server handling GET request"}}
[debug] [2020-09-11T17:06:47.331Z] [runtime-status] [16199] Ephemeral server survived. {"metadata":{"emulator":{"name":"functions"},"function":{"name":"api"},"message":"[runtime-status] [16199] Ephemeral server survived."}}
[info] i  functions: Finished "api" in ~1s {"metadata":{"emulator":{"name":"functions"},"function":{"name":"api"},"message":"Finished \"api\" in ~1s"}}
[debug] [2020-09-11T17:06:47.336Z] [worker-api-643fe948-b3e0-4f65-a8b3-dd8498b61be6]: IDLE {"metadata":{"emulator":{"name":"functions"},"message":"[worker-api-643fe948-b3e0-4f65-a8b3-dd8498b61be6]: IDLE"}}
[debug] [2020-09-11T17:06:47.337Z] [work-queue] {"queueLength":0,"workRunningCount":0}
[debug] [2020-09-11T17:07:05.456Z] File /home/asad/Documents/GitHub/BootCamp_Projects/amazon-clone/functions/index.js changed, reloading triggers {"metadata":{"emulator":{"name":"functions"},"message":"File /home/asad/Documents/GitHub/BootCamp_Projects/amazon-clone/functions/index.js changed, reloading triggers"}}
[debug] [2020-09-11T17:07:06.458Z] [worker-pool] Shutting down IDLE worker (~diagnostic~) {"metadata":{"emulator":{"name":"functions"},"message":"[worker-pool] Shutting down IDLE worker (~diagnostic~)"}}
[debug] [2020-09-11T17:07:06.458Z] [worker-~diagnostic~-0cd4c21a-06c0-4208-bce9-a0936bd618a6]: FINISHING {"metadata":{"emulator":{"name":"functions"},"message":"[worker-~diagnostic~-0cd4c21a-06c0-4208-bce9-a0936bd618a6]: FINISHING"}}
[debug] [2020-09-11T17:07:06.459Z] [worker-pool] Shutting down IDLE worker (api) {"metadata":{"emulator":{"name":"functions"},"message":"[worker-pool] Shutting down IDLE worker (api)"}}
[debug] [2020-09-11T17:07:06.459Z] [worker-api-643fe948-b3e0-4f65-a8b3-dd8498b61be6]: FINISHING {"metadata":{"emulator":{"name":"functions"},"message":"[worker-api-643fe948-b3e0-4f65-a8b3-dd8498b61be6]: FINISHING"}}
[debug] [2020-09-11T17:07:06.474Z] [worker-pool] addWorker(~diagnostic~) {"metadata":{"emulator":{"name":"functions"},"message":"[worker-pool] addWorker(~diagnostic~)"}}
[debug] [2020-09-11T17:07:06.474Z] [worker-pool] Adding worker with key ~diagnostic~, total=2 {"metadata":{"emulator":{"name":"functions"},"message":"[worker-pool] Adding worker with key ~diagnostic~, total=2"}}
[debug] [2020-09-11T17:07:06.475Z] [worker-pool] submitWork(triggerId=) {"metadata":{"emulator":{"name":"functions"},"message":"[worker-pool] submitWork(triggerId=)"}}
[debug] [2020-09-11T17:07:06.475Z] [worker-~diagnostic~-56c5f959-0cbf-4d31-a8fa-6f6a9e283593]: Assigning socketPath: /tmp/fire_emu_16234.sock {"metadata":{"emulator":{"name":"functions"},"message":"[worker-~diagnostic~-56c5f959-0cbf-4d31-a8fa-6f6a9e283593]: Assigning socketPath: /tmp/fire_emu_16234.sock"}}
[debug] [2020-09-11T17:07:06.475Z] [worker-~diagnostic~-56c5f959-0cbf-4d31-a8fa-6f6a9e283593]: BUSY {"metadata":{"emulator":{"name":"functions"},"message":"[worker-~diagnostic~-56c5f959-0cbf-4d31-a8fa-6f6a9e283593]: BUSY"}}
[debug] [2020-09-11T17:07:06.480Z] [worker-~diagnostic~-0cd4c21a-06c0-4208-bce9-a0936bd618a6]: exited {"metadata":{"emulator":{"name":"functions"},"message":"[worker-~diagnostic~-0cd4c21a-06c0-4208-bce9-a0936bd618a6]: exited"}}
[debug] [2020-09-11T17:07:06.480Z] [worker-~diagnostic~-0cd4c21a-06c0-4208-bce9-a0936bd618a6]: FINISHED {"metadata":{"emulator":{"name":"functions"},"message":"[worker-~diagnostic~-0cd4c21a-06c0-4208-bce9-a0936bd618a6]: FINISHED"}}
[debug] [2020-09-11T17:07:06.480Z] [worker-api-643fe948-b3e0-4f65-a8b3-dd8498b61be6]: exited {"metadata":{"emulator":{"name":"functions"},"message":"[worker-api-643fe948-b3e0-4f65-a8b3-dd8498b61be6]: exited"}}
[debug] [2020-09-11T17:07:06.480Z] [worker-api-643fe948-b3e0-4f65-a8b3-dd8498b61be6]: FINISHED {"metadata":{"emulator":{"name":"functions"},"message":"[worker-api-643fe948-b3e0-4f65-a8b3-dd8498b61be6]: FINISHED"}}
[debug] [2020-09-11T17:07:06.995Z] [runtime-status] [16234] Functions runtime initialized. {"cwd":"/home/asad/Documents/GitHub/BootCamp_Projects/amazon-clone/functions","node_version":"12.18.1"} {"metadata":{"emulator":{"name":"functions"},"message":"[runtime-status] [16234] Functions runtime initialized. {\"cwd\":\"/home/asad/Documents/GitHub/BootCamp_Projects/amazon-clone/functions\",\"node_version\":\"12.18.1\"}"}}
[debug] [2020-09-11T17:07:06.998Z] [runtime-status] [16234] Disabled runtime features: undefined {"metadata":{"emulator":{"name":"functions"},"message":"[runtime-status] [16234] Disabled runtime features: undefined"}}
[debug] [2020-09-11T17:07:07.002Z] [runtime-status] [16234] Resolved module firebase-admin {"declared":true,"installed":true,"version":"8.13.0","resolution":"/home/asad/Documents/GitHub/BootCamp_Projects/amazon-clone/functions/node_modules/firebase-admin/lib/index.js"} {"metadata":{"emulator":{"name":"functions"},"message":"[runtime-status] [16234] Resolved module firebase-admin {\"declared\":true,\"installed\":true,\"version\":\"8.13.0\",\"resolution\":\"/home/asad/Documents/GitHub/BootCamp_Projects/amazon-clone/functions/node_modules/firebase-admin/lib/index.js\"}"}}
[debug] [2020-09-11T17:07:07.004Z] [runtime-status] [16234] Resolved module firebase-functions {"declared":true,"installed":true,"version":"3.11.0","resolution":"/home/asad/Documents/GitHub/BootCamp_Projects/amazon-clone/functions/node_modules/firebase-functions/lib/index.js"} {"metadata":{"emulator":{"name":"functions"},"message":"[runtime-status] [16234] Resolved module firebase-functions {\"declared\":true,\"installed\":true,\"version\":\"3.11.0\",\"resolution\":\"/home/asad/Documents/GitHub/BootCamp_Projects/amazon-clone/functions/node_modules/firebase-functions/lib/index.js\"}"}}
[debug] [2020-09-11T17:07:07.005Z] [runtime-status] [16234] Resolved module firebase-functions {"declared":true,"installed":true,"version":"3.11.0","resolution":"/home/asad/Documents/GitHub/BootCamp_Projects/amazon-clone/functions/node_modules/firebase-functions/lib/index.js"} {"metadata":{"emulator":{"name":"functions"},"message":"[runtime-status] [16234] Resolved module firebase-functions {\"declared\":true,\"installed\":true,\"version\":\"3.11.0\",\"resolution\":\"/home/asad/Documents/GitHub/BootCamp_Projects/amazon-clone/functions/node_modules/firebase-functions/lib/index.js\"}"}}
[debug] [2020-09-11T17:07:07.008Z] [runtime-status] [16234] Outgoing network have been stubbed. [{"name":"http","status":"mocked"},{"name":"http","status":"mocked"},{"name":"https","status":"mocked"},{"name":"https","status":"mocked"},{"name":"net","status":"mocked"}] {"metadata":{"emulator":{"name":"functions"},"message":"[runtime-status] [16234] Outgoing network have been stubbed. [{\"name\":\"http\",\"status\":\"mocked\"},{\"name\":\"http\",\"status\":\"mocked\"},{\"name\":\"https\",\"status\":\"mocked\"},{\"name\":\"https\",\"status\":\"mocked\"},{\"name\":\"net\",\"status\":\"mocked\"}]"}}
[debug] [2020-09-11T17:07:07.009Z] [runtime-status] [16234] Resolved module firebase-functions {"declared":true,"installed":true,"version":"3.11.0","resolution":"/home/asad/Documents/GitHub/BootCamp_Projects/amazon-clone/functions/node_modules/firebase-functions/lib/index.js"} {"metadata":{"emulator":{"name":"functions"},"message":"[runtime-status] [16234] Resolved module firebase-functions {\"declared\":true,\"installed\":true,\"version\":\"3.11.0\",\"resolution\":\"/home/asad/Documents/GitHub/BootCamp_Projects/amazon-clone/functions/node_modules/firebase-functions/lib/index.js\"}"}}
[debug] [2020-09-11T17:07:07.058Z] [runtime-status] [16234] Checked functions.config() {"config":{}} {"metadata":{"emulator":{"name":"functions"},"message":"[runtime-status] [16234] Checked functions.config() {\"config\":{}}"}}
[debug] [2020-09-11T17:07:07.059Z] [runtime-status] [16234] firebase-functions has been stubbed. {"functionsResolution":{"declared":true,"installed":true,"version":"3.11.0","resolution":"/home/asad/Documents/GitHub/BootCamp_Projects/amazon-clone/functions/node_modules/firebase-functions/lib/index.js"}} {"metadata":{"emulator":{"name":"functions"},"message":"[runtime-status] [16234] firebase-functions has been stubbed. {\"functionsResolution\":{\"declared\":true,\"installed\":true,\"version\":\"3.11.0\",\"resolution\":\"/home/asad/Documents/GitHub/BootCamp_Projects/amazon-clone/functions/node_modules/firebase-functions/lib/index.js\"}}"}}
[debug] [2020-09-11T17:07:07.060Z] [runtime-status] [16234] Resolved module firebase-functions {"declared":true,"installed":true,"version":"3.11.0","resolution":"/home/asad/Documents/GitHub/BootCamp_Projects/amazon-clone/functions/node_modules/firebase-functions/lib/index.js"} {"metadata":{"emulator":{"name":"functions"},"message":"[runtime-status] [16234] Resolved module firebase-functions {\"declared\":true,\"installed\":true,\"version\":\"3.11.0\",\"resolution\":\"/home/asad/Documents/GitHub/BootCamp_Projects/amazon-clone/functions/node_modules/firebase-functions/lib/index.js\"}"}}
[debug] [2020-09-11T17:07:07.061Z] [runtime-status] [16234] Resolved module firebase-admin {"declared":true,"installed":true,"version":"8.13.0","resolution":"/home/asad/Documents/GitHub/BootCamp_Projects/amazon-clone/functions/node_modules/firebase-admin/lib/index.js"} {"metadata":{"emulator":{"name":"functions"},"message":"[runtime-status] [16234] Resolved module firebase-admin {\"declared\":true,\"installed\":true,\"version\":\"8.13.0\",\"resolution\":\"/home/asad/Documents/GitHub/BootCamp_Projects/amazon-clone/functions/node_modules/firebase-admin/lib/index.js\"}"}}
[debug] [2020-09-11T17:07:07.062Z] [runtime-status] [16234] Resolved module firebase-functions {"declared":true,"installed":true,"version":"3.11.0","resolution":"/home/asad/Documents/GitHub/BootCamp_Projects/amazon-clone/functions/node_modules/firebase-functions/lib/index.js"} {"metadata":{"emulator":{"name":"functions"},"message":"[runtime-status] [16234] Resolved module firebase-functions {\"declared\":true,\"installed\":true,\"version\":\"3.11.0\",\"resolution\":\"/home/asad/Documents/GitHub/BootCamp_Projects/amazon-clone/functions/node_modules/firebase-functions/lib/index.js\"}"}}
[debug] [2020-09-11T17:07:07.064Z] [runtime-status] [16234] firebase-admin has been stubbed. {"adminResolution":{"declared":true,"installed":true,"version":"8.13.0","resolution":"/home/asad/Documents/GitHub/BootCamp_Projects/amazon-clone/functions/node_modules/firebase-admin/lib/index.js"}} {"metadata":{"emulator":{"name":"functions"},"message":"[runtime-status] [16234] firebase-admin has been stubbed. {\"adminResolution\":{\"declared\":true,\"installed\":true,\"version\":\"8.13.0\",\"resolution\":\"/home/asad/Documents/GitHub/BootCamp_Projects/amazon-clone/functions/node_modules/firebase-admin/lib/index.js\"}}"}}
[warn] ⚠  /home/asad/Documents/GitHub/BootCamp_Projects/amazon-clone/functions/index.js:33
    })
    ^

SyntaxError: Unexpected token '}'
    at wrapSafe (internal/modules/cjs/loader.js:1052:16)
    at Module._compile (internal/modules/cjs/loader.js:1100:27)
    at Module._compile (pkg/prelude/bootstrap.js:1281:32)
    at Object.Module._extensions..js (internal/modules/cjs/loader.js:1156:10)
    at Module.load (internal/modules/cjs/loader.js:984:32)
    at Function.Module._load (internal/modules/cjs/loader.js:877:14)
    at Module.require (internal/modules/cjs/loader.js:1024:19)
    at Module.require (pkg/prelude/bootstrap.js:1225:31)
    at require (internal/modules/cjs/helpers.js:72:18)
    at /home/asad/.cache/firebase/tools/lib/node_modules/firebase-tools/lib/emulator/functionsEmulatorRuntime.js:681:33 {"metadata":{"emulator":{"name":"functions"},"message":"/home/asad/Documents/GitHub/BootCamp_Projects/amazon-clone/functions/index.js:33\n    })\n    ^\n\nSyntaxError: Unexpected token '}'\n    at wrapSafe (internal/modules/cjs/loader.js:1052:16)\n    at Module._compile (internal/modules/cjs/loader.js:1100:27)\n    at Module._compile (pkg/prelude/bootstrap.js:1281:32)\n    at Object.Module._extensions..js (internal/modules/cjs/loader.js:1156:10)\n    at Module.load (internal/modules/cjs/loader.js:984:32)\n    at Function.Module._load (internal/modules/cjs/loader.js:877:14)\n    at Module.require (internal/modules/cjs/loader.js:1024:19)\n    at Module.require (pkg/prelude/bootstrap.js:1225:31)\n    at require (internal/modules/cjs/helpers.js:72:18)\n    at /home/asad/.cache/firebase/tools/lib/node_modules/firebase-tools/lib/emulator/functionsEmulatorRuntime.js:681:33"}}
[warn] ⚠  We were unable to load your functions code. (see above) {"metadata":{"emulator":{"name":"functions"}}}
[debug] [2020-09-11T17:07:07.091Z] [worker-~diagnostic~-56c5f959-0cbf-4d31-a8fa-6f6a9e283593]: exited {"metadata":{"emulator":{"name":"functions"},"message":"[worker-~diagnostic~-56c5f959-0cbf-4d31-a8fa-6f6a9e283593]: exited"}}
[debug] [2020-09-11T17:07:07.092Z] [worker-~diagnostic~-56c5f959-0cbf-4d31-a8fa-6f6a9e283593]: FINISHED {"metadata":{"emulator":{"name":"functions"},"message":"[worker-~diagnostic~-56c5f959-0cbf-4d31-a8fa-6f6a9e283593]: FINISHED"}}
[debug] [2020-09-11T17:07:18.819Z] File /home/asad/Documents/GitHub/BootCamp_Projects/amazon-clone/functions/index.js changed, reloading triggers {"metadata":{"emulator":{"name":"functions"},"message":"File /home/asad/Documents/GitHub/BootCamp_Projects/amazon-clone/functions/index.js changed, reloading triggers"}}
[debug] [2020-09-11T17:07:19.822Z] [worker-pool] Cleaned up workers for ~diagnostic~: 2 --> 0 {"metadata":{"emulator":{"name":"functions"},"message":"[worker-pool] Cleaned up workers for ~diagnostic~: 2 --> 0"}}
[debug] [2020-09-11T17:07:19.823Z] [worker-pool] Cleaned up workers for api: 1 --> 0 {"metadata":{"emulator":{"name":"functions"},"message":"[worker-pool] Cleaned up workers for api: 1 --> 0"}}
[debug] [2020-09-11T17:07:19.838Z] [worker-pool] addWorker(~diagnostic~) {"metadata":{"emulator":{"name":"functions"},"message":"[worker-pool] addWorker(~diagnostic~)"}}
[debug] [2020-09-11T17:07:19.839Z] [worker-pool] Adding worker with key ~diagnostic~, total=1 {"metadata":{"emulator":{"name":"functions"},"message":"[worker-pool] Adding worker with key ~diagnostic~, total=1"}}
[debug] [2020-09-11T17:07:19.839Z] [worker-pool] submitWork(triggerId=) {"metadata":{"emulator":{"name":"functions"},"message":"[worker-pool] submitWork(triggerId=)"}}
[debug] [2020-09-11T17:07:19.841Z] [worker-~diagnostic~-c4747c33-8615-4005-b072-1cd540a45f24]: Assigning socketPath: /tmp/fire_emu_16281.sock {"metadata":{"emulator":{"name":"functions"},"message":"[worker-~diagnostic~-c4747c33-8615-4005-b072-1cd540a45f24]: Assigning socketPath: /tmp/fire_emu_16281.sock"}}
[debug] [2020-09-11T17:07:19.841Z] [worker-~diagnostic~-c4747c33-8615-4005-b072-1cd540a45f24]: BUSY {"metadata":{"emulator":{"name":"functions"},"message":"[worker-~diagnostic~-c4747c33-8615-4005-b072-1cd540a45f24]: BUSY"}}
[debug] [2020-09-11T17:07:20.351Z] [runtime-status] [16281] Functions runtime initialized. {"cwd":"/home/asad/Documents/GitHub/BootCamp_Projects/amazon-clone/functions","node_version":"12.18.1"} {"metadata":{"emulator":{"name":"functions"},"message":"[runtime-status] [16281] Functions runtime initialized. {\"cwd\":\"/home/asad/Documents/GitHub/BootCamp_Projects/amazon-clone/functions\",\"node_version\":\"12.18.1\"}"}}
[debug] [2020-09-11T17:07:20.354Z] [runtime-status] [16281] Disabled runtime features: undefined {"metadata":{"emulator":{"name":"functions"},"message":"[runtime-status] [16281] Disabled runtime features: undefined"}}
[debug] [2020-09-11T17:07:20.357Z] [runtime-status] [16281] Resolved module firebase-admin {"declared":true,"installed":true,"version":"8.13.0","resolution":"/home/asad/Documents/GitHub/BootCamp_Projects/amazon-clone/functions/node_modules/firebase-admin/lib/index.js"} {"metadata":{"emulator":{"name":"functions"},"message":"[runtime-status] [16281] Resolved module firebase-admin {\"declared\":true,\"installed\":true,\"version\":\"8.13.0\",\"resolution\":\"/home/asad/Documents/GitHub/BootCamp_Projects/amazon-clone/functions/node_modules/firebase-admin/lib/index.js\"}"}}
[debug] [2020-09-11T17:07:20.359Z] [runtime-status] [16281] Resolved module firebase-functions {"declared":true,"installed":true,"version":"3.11.0","resolution":"/home/asad/Documents/GitHub/BootCamp_Projects/amazon-clone/functions/node_modules/firebase-functions/lib/index.js"} {"metadata":{"emulator":{"name":"functions"},"message":"[runtime-status] [16281] Resolved module firebase-functions {\"declared\":true,\"installed\":true,\"version\":\"3.11.0\",\"resolution\":\"/home/asad/Documents/GitHub/BootCamp_Projects/amazon-clone/functions/node_modules/firebase-functions/lib/index.js\"}"}}
[debug] [2020-09-11T17:07:20.361Z] [runtime-status] [16281] Resolved module firebase-functions {"declared":true,"installed":true,"version":"3.11.0","resolution":"/home/asad/Documents/GitHub/BootCamp_Projects/amazon-clone/functions/node_modules/firebase-functions/lib/index.js"} {"metadata":{"emulator":{"name":"functions"},"message":"[runtime-status] [16281] Resolved module firebase-functions {\"declared\":true,\"installed\":true,\"version\":\"3.11.0\",\"resolution\":\"/home/asad/Documents/GitHub/BootCamp_Projects/amazon-clone/functions/node_modules/firebase-functions/lib/index.js\"}"}}
[debug] [2020-09-11T17:07:20.364Z] [runtime-status] [16281] Outgoing network have been stubbed. [{"name":"http","status":"mocked"},{"name":"http","status":"mocked"},{"name":"https","status":"mocked"},{"name":"https","status":"mocked"},{"name":"net","status":"mocked"}] {"metadata":{"emulator":{"name":"functions"},"message":"[runtime-status] [16281] Outgoing network have been stubbed. [{\"name\":\"http\",\"status\":\"mocked\"},{\"name\":\"http\",\"status\":\"mocked\"},{\"name\":\"https\",\"status\":\"mocked\"},{\"name\":\"https\",\"status\":\"mocked\"},{\"name\":\"net\",\"status\":\"mocked\"}]"}}
[debug] [2020-09-11T17:07:20.367Z] [runtime-status] [16281] Resolved module firebase-functions {"declared":true,"installed":true,"version":"3.11.0","resolution":"/home/asad/Documents/GitHub/BootCamp_Projects/amazon-clone/functions/node_modules/firebase-functions/lib/index.js"} {"metadata":{"emulator":{"name":"functions"},"message":"[runtime-status] [16281] Resolved module firebase-functions {\"declared\":true,\"installed\":true,\"version\":\"3.11.0\",\"resolution\":\"/home/asad/Documents/GitHub/BootCamp_Projects/amazon-clone/functions/node_modules/firebase-functions/lib/index.js\"}"}}
[debug] [2020-09-11T17:07:20.413Z] [runtime-status] [16281] Checked functions.config() {"config":{}} {"metadata":{"emulator":{"name":"functions"},"message":"[runtime-status] [16281] Checked functions.config() {\"config\":{}}"}}
[debug] [2020-09-11T17:07:20.413Z] [runtime-status] [16281] firebase-functions has been stubbed. {"functionsResolution":{"declared":true,"installed":true,"version":"3.11.0","resolution":"/home/asad/Documents/GitHub/BootCamp_Projects/amazon-clone/functions/node_modules/firebase-functions/lib/index.js"}} {"metadata":{"emulator":{"name":"functions"},"message":"[runtime-status] [16281] firebase-functions has been stubbed. {\"functionsResolution\":{\"declared\":true,\"installed\":true,\"version\":\"3.11.0\",\"resolution\":\"/home/asad/Documents/GitHub/BootCamp_Projects/amazon-clone/functions/node_modules/firebase-functions/lib/index.js\"}}"}}
[debug] [2020-09-11T17:07:20.415Z] [runtime-status] [16281] Resolved module firebase-functions {"declared":true,"installed":true,"version":"3.11.0","resolution":"/home/asad/Documents/GitHub/BootCamp_Projects/amazon-clone/functions/node_modules/firebase-functions/lib/index.js"} {"metadata":{"emulator":{"name":"functions"},"message":"[runtime-status] [16281] Resolved module firebase-functions {\"declared\":true,\"installed\":true,\"version\":\"3.11.0\",\"resolution\":\"/home/asad/Documents/GitHub/BootCamp_Projects/amazon-clone/functions/node_modules/firebase-functions/lib/index.js\"}"}}
[debug] [2020-09-11T17:07:20.419Z] [runtime-status] [16281] Resolved module firebase-admin {"declared":true,"installed":true,"version":"8.13.0","resolution":"/home/asad/Documents/GitHub/BootCamp_Projects/amazon-clone/functions/node_modules/firebase-admin/lib/index.js"} {"metadata":{"emulator":{"name":"functions"},"message":"[runtime-status] [16281] Resolved module firebase-admin {\"declared\":true,\"installed\":true,\"version\":\"8.13.0\",\"resolution\":\"/home/asad/Documents/GitHub/BootCamp_Projects/amazon-clone/functions/node_modules/firebase-admin/lib/index.js\"}"}}
[debug] [2020-09-11T17:07:20.420Z] [runtime-status] [16281] Resolved module firebase-functions {"declared":true,"installed":true,"version":"3.11.0","resolution":"/home/asad/Documents/GitHub/BootCamp_Projects/amazon-clone/functions/node_modules/firebase-functions/lib/index.js"} {"metadata":{"emulator":{"name":"functions"},"message":"[runtime-status] [16281] Resolved module firebase-functions {\"declared\":true,\"installed\":true,\"version\":\"3.11.0\",\"resolution\":\"/home/asad/Documents/GitHub/BootCamp_Projects/amazon-clone/functions/node_modules/firebase-functions/lib/index.js\"}"}}
[debug] [2020-09-11T17:07:20.420Z] [runtime-status] [16281] firebase-admin has been stubbed. {"adminResolution":{"declared":true,"installed":true,"version":"8.13.0","resolution":"/home/asad/Documents/GitHub/BootCamp_Projects/amazon-clone/functions/node_modules/firebase-admin/lib/index.js"}} {"metadata":{"emulator":{"name":"functions"},"message":"[runtime-status] [16281] firebase-admin has been stubbed. {\"adminResolution\":{\"declared\":true,\"installed\":true,\"version\":\"8.13.0\",\"resolution\":\"/home/asad/Documents/GitHub/BootCamp_Projects/amazon-clone/functions/node_modules/firebase-admin/lib/index.js\"}}"}}
[debug] [2020-09-11T17:07:20.549Z] [worker-~diagnostic~-c4747c33-8615-4005-b072-1cd540a45f24]: IDLE {"metadata":{"emulator":{"name":"functions"},"message":"[worker-~diagnostic~-c4747c33-8615-4005-b072-1cd540a45f24]: IDLE"}}
[debug] [2020-09-11T17:07:26.574Z] File /home/asad/Documents/GitHub/BootCamp_Projects/amazon-clone/functions/index.js changed, reloading triggers {"metadata":{"emulator":{"name":"functions"},"message":"File /home/asad/Documents/GitHub/BootCamp_Projects/amazon-clone/functions/index.js changed, reloading triggers"}}
[debug] [2020-09-11T17:07:27.574Z] [worker-pool] Shutting down IDLE worker (~diagnostic~) {"metadata":{"emulator":{"name":"functions"},"message":"[worker-pool] Shutting down IDLE worker (~diagnostic~)"}}
[debug] [2020-09-11T17:07:27.575Z] [worker-~diagnostic~-c4747c33-8615-4005-b072-1cd540a45f24]: FINISHING {"metadata":{"emulator":{"name":"functions"},"message":"[worker-~diagnostic~-c4747c33-8615-4005-b072-1cd540a45f24]: FINISHING"}}
[debug] [2020-09-11T17:07:27.589Z] [worker-pool] addWorker(~diagnostic~) {"metadata":{"emulator":{"name":"functions"},"message":"[worker-pool] addWorker(~diagnostic~)"}}
[debug] [2020-09-11T17:07:27.589Z] [worker-pool] Adding worker with key ~diagnostic~, total=2 {"metadata":{"emulator":{"name":"functions"},"message":"[worker-pool] Adding worker with key ~diagnostic~, total=2"}}
[debug] [2020-09-11T17:07:27.589Z] [worker-pool] submitWork(triggerId=) {"metadata":{"emulator":{"name":"functions"},"message":"[worker-pool] submitWork(triggerId=)"}}
[debug] [2020-09-11T17:07:27.590Z] [worker-~diagnostic~-23f4f7c6-36cb-4008-8872-d598df05a439]: Assigning socketPath: /tmp/fire_emu_16308.sock {"metadata":{"emulator":{"name":"functions"},"message":"[worker-~diagnostic~-23f4f7c6-36cb-4008-8872-d598df05a439]: Assigning socketPath: /tmp/fire_emu_16308.sock"}}
[debug] [2020-09-11T17:07:27.590Z] [worker-~diagnostic~-23f4f7c6-36cb-4008-8872-d598df05a439]: BUSY {"metadata":{"emulator":{"name":"functions"},"message":"[worker-~diagnostic~-23f4f7c6-36cb-4008-8872-d598df05a439]: BUSY"}}
[debug] [2020-09-11T17:07:27.592Z] [worker-~diagnostic~-c4747c33-8615-4005-b072-1cd540a45f24]: exited {"metadata":{"emulator":{"name":"functions"},"message":"[worker-~diagnostic~-c4747c33-8615-4005-b072-1cd540a45f24]: exited"}}
[debug] [2020-09-11T17:07:27.592Z] [worker-~diagnostic~-c4747c33-8615-4005-b072-1cd540a45f24]: FINISHED {"metadata":{"emulator":{"name":"functions"},"message":"[worker-~diagnostic~-c4747c33-8615-4005-b072-1cd540a45f24]: FINISHED"}}
[debug] [2020-09-11T17:07:28.022Z] [runtime-status] [16308] Functions runtime initialized. {"cwd":"/home/asad/Documents/GitHub/BootCamp_Projects/amazon-clone/functions","node_version":"12.18.1"} {"metadata":{"emulator":{"name":"functions"},"message":"[runtime-status] [16308] Functions runtime initialized. {\"cwd\":\"/home/asad/Documents/GitHub/BootCamp_Projects/amazon-clone/functions\",\"node_version\":\"12.18.1\"}"}}
[debug] [2020-09-11T17:07:28.024Z] [runtime-status] [16308] Disabled runtime features: undefined {"metadata":{"emulator":{"name":"functions"},"message":"[runtime-status] [16308] Disabled runtime features: undefined"}}
[debug] [2020-09-11T17:07:28.028Z] [runtime-status] [16308] Resolved module firebase-admin {"declared":true,"installed":true,"version":"8.13.0","resolution":"/home/asad/Documents/GitHub/BootCamp_Projects/amazon-clone/functions/node_modules/firebase-admin/lib/index.js"} {"metadata":{"emulator":{"name":"functions"},"message":"[runtime-status] [16308] Resolved module firebase-admin {\"declared\":true,\"installed\":true,\"version\":\"8.13.0\",\"resolution\":\"/home/asad/Documents/GitHub/BootCamp_Projects/amazon-clone/functions/node_modules/firebase-admin/lib/index.js\"}"}}
[debug] [2020-09-11T17:07:28.031Z] [runtime-status] [16308] Resolved module firebase-functions {"declared":true,"installed":true,"version":"3.11.0","resolution":"/home/asad/Documents/GitHub/BootCamp_Projects/amazon-clone/functions/node_modules/firebase-functions/lib/index.js"} {"metadata":{"emulator":{"name":"functions"},"message":"[runtime-status] [16308] Resolved module firebase-functions {\"declared\":true,\"installed\":true,\"version\":\"3.11.0\",\"resolution\":\"/home/asad/Documents/GitHub/BootCamp_Projects/amazon-clone/functions/node_modules/firebase-functions/lib/index.js\"}"}}
[debug] [2020-09-11T17:07:28.031Z] [runtime-status] [16308] Resolved module firebase-functions {"declared":true,"installed":true,"version":"3.11.0","resolution":"/home/asad/Documents/GitHub/BootCamp_Projects/amazon-clone/functions/node_modules/firebase-functions/lib/index.js"} {"metadata":{"emulator":{"name":"functions"},"message":"[runtime-status] [16308] Resolved module firebase-functions {\"declared\":true,\"installed\":true,\"version\":\"3.11.0\",\"resolution\":\"/home/asad/Documents/GitHub/BootCamp_Projects/amazon-clone/functions/node_modules/firebase-functions/lib/index.js\"}"}}
[debug] [2020-09-11T17:07:28.035Z] [runtime-status] [16308] Outgoing network have been stubbed. [{"name":"http","status":"mocked"},{"name":"http","status":"mocked"},{"name":"https","status":"mocked"},{"name":"https","status":"mocked"},{"name":"net","status":"mocked"}] {"metadata":{"emulator":{"name":"functions"},"message":"[runtime-status] [16308] Outgoing network have been stubbed. [{\"name\":\"http\",\"status\":\"mocked\"},{\"name\":\"http\",\"status\":\"mocked\"},{\"name\":\"https\",\"status\":\"mocked\"},{\"name\":\"https\",\"status\":\"mocked\"},{\"name\":\"net\",\"status\":\"mocked\"}]"}}
[debug] [2020-09-11T17:07:28.037Z] [runtime-status] [16308] Resolved module firebase-functions {"declared":true,"installed":true,"version":"3.11.0","resolution":"/home/asad/Documents/GitHub/BootCamp_Projects/amazon-clone/functions/node_modules/firebase-functions/lib/index.js"} {"metadata":{"emulator":{"name":"functions"},"message":"[runtime-status] [16308] Resolved module firebase-functions {\"declared\":true,\"installed\":true,\"version\":\"3.11.0\",\"resolution\":\"/home/asad/Documents/GitHub/BootCamp_Projects/amazon-clone/functions/node_modules/firebase-functions/lib/index.js\"}"}}
[debug] [2020-09-11T17:07:28.087Z] [runtime-status] [16308] Checked functions.config() {"config":{}} {"metadata":{"emulator":{"name":"functions"},"message":"[runtime-status] [16308] Checked functions.config() {\"config\":{}}"}}
[debug] [2020-09-11T17:07:28.087Z] [runtime-status] [16308] firebase-functions has been stubbed. {"functionsResolution":{"declared":true,"installed":true,"version":"3.11.0","resolution":"/home/asad/Documents/GitHub/BootCamp_Projects/amazon-clone/functions/node_modules/firebase-functions/lib/index.js"}} {"metadata":{"emulator":{"name":"functions"},"message":"[runtime-status] [16308] firebase-functions has been stubbed. {\"functionsResolution\":{\"declared\":true,\"installed\":true,\"version\":\"3.11.0\",\"resolution\":\"/home/asad/Documents/GitHub/BootCamp_Projects/amazon-clone/functions/node_modules/firebase-functions/lib/index.js\"}}"}}
[debug] [2020-09-11T17:07:28.089Z] [runtime-status] [16308] Resolved module firebase-functions {"declared":true,"installed":true,"version":"3.11.0","resolution":"/home/asad/Documents/GitHub/BootCamp_Projects/amazon-clone/functions/node_modules/firebase-functions/lib/index.js"} {"metadata":{"emulator":{"name":"functions"},"message":"[runtime-status] [16308] Resolved module firebase-functions {\"declared\":true,\"installed\":true,\"version\":\"3.11.0\",\"resolution\":\"/home/asad/Documents/GitHub/BootCamp_Projects/amazon-clone/functions/node_modules/firebase-functions/lib/index.js\"}"}}
[debug] [2020-09-11T17:07:28.091Z] [runtime-status] [16308] Resolved module firebase-admin {"declared":true,"installed":true,"version":"8.13.0","resolution":"/home/asad/Documents/GitHub/BootCamp_Projects/amazon-clone/functions/node_modules/firebase-admin/lib/index.js"} {"metadata":{"emulator":{"name":"functions"},"message":"[runtime-status] [16308] Resolved module firebase-admin {\"declared\":true,\"installed\":true,\"version\":\"8.13.0\",\"resolution\":\"/home/asad/Documents/GitHub/BootCamp_Projects/amazon-clone/functions/node_modules/firebase-admin/lib/index.js\"}"}}
[debug] [2020-09-11T17:07:28.091Z] [runtime-status] [16308] Resolved module firebase-functions {"declared":true,"installed":true,"version":"3.11.0","resolution":"/home/asad/Documents/GitHub/BootCamp_Projects/amazon-clone/functions/node_modules/firebase-functions/lib/index.js"} {"metadata":{"emulator":{"name":"functions"},"message":"[runtime-status] [16308] Resolved module firebase-functions {\"declared\":true,\"installed\":true,\"version\":\"3.11.0\",\"resolution\":\"/home/asad/Documents/GitHub/BootCamp_Projects/amazon-clone/functions/node_modules/firebase-functions/lib/index.js\"}"}}
[debug] [2020-09-11T17:07:28.092Z] [runtime-status] [16308] firebase-admin has been stubbed. {"adminResolution":{"declared":true,"installed":true,"version":"8.13.0","resolution":"/home/asad/Documents/GitHub/BootCamp_Projects/amazon-clone/functions/node_modules/firebase-admin/lib/index.js"}} {"metadata":{"emulator":{"name":"functions"},"message":"[runtime-status] [16308] firebase-admin has been stubbed. {\"adminResolution\":{\"declared\":true,\"installed\":true,\"version\":\"8.13.0\",\"resolution\":\"/home/asad/Documents/GitHub/BootCamp_Projects/amazon-clone/functions/node_modules/firebase-admin/lib/index.js\"}}"}}
[debug] [2020-09-11T17:07:28.212Z] [worker-~diagnostic~-23f4f7c6-36cb-4008-8872-d598df05a439]: IDLE {"metadata":{"emulator":{"name":"functions"},"message":"[worker-~diagnostic~-23f4f7c6-36cb-4008-8872-d598df05a439]: IDLE"}}
[debug] [2020-09-11T17:10:05.571Z] [work-queue] {"queueLength":1,"workRunningCount":0}
[debug] [2020-09-11T17:10:05.575Z] [work-queue] {"queueLength":0,"workRunningCount":1}
[debug] [2020-09-11T17:10:05.586Z] Accepted request GET /amzone-challenge/us-central1/api --> api
[debug] [2020-09-11T17:10:05.587Z] [worker-pool] Cleaned up workers for ~diagnostic~: 2 --> 1 {"metadata":{"emulator":{"name":"functions"},"message":"[worker-pool] Cleaned up workers for ~diagnostic~: 2 --> 1"}}
[debug] [2020-09-11T17:10:05.610Z] [worker-pool] addWorker(api) {"metadata":{"emulator":{"name":"functions"},"message":"[worker-pool] addWorker(api)"}}
[debug] [2020-09-11T17:10:05.611Z] [worker-pool] Adding worker with key api, total=1 {"metadata":{"emulator":{"name":"functions"},"message":"[worker-pool] Adding worker with key api, total=1"}}
[debug] [2020-09-11T17:10:05.611Z] [worker-pool] submitWork(triggerId=api) {"metadata":{"emulator":{"name":"functions"},"message":"[worker-pool] submitWork(triggerId=api)"}}
[debug] [2020-09-11T17:10:05.612Z] [worker-api-e78ae873-9692-415e-bb92-59978afd023a]: Assigning socketPath: /tmp/fire_emu_16534.sock {"metadata":{"emulator":{"name":"functions"},"message":"[worker-api-e78ae873-9692-415e-bb92-59978afd023a]: Assigning socketPath: /tmp/fire_emu_16534.sock"}}
[debug] [2020-09-11T17:10:05.612Z] [worker-api-e78ae873-9692-415e-bb92-59978afd023a]: BUSY {"metadata":{"emulator":{"name":"functions"},"message":"[worker-api-e78ae873-9692-415e-bb92-59978afd023a]: BUSY"}}
[debug] [2020-09-11T17:10:06.842Z] [runtime-status] [16534] Functions runtime initialized. {"cwd":"/home/asad/Documents/GitHub/BootCamp_Projects/amazon-clone/functions","node_version":"12.18.1"} {"metadata":{"emulator":{"name":"functions"},"function":{"name":"api"},"message":"[runtime-status] [16534] Functions runtime initialized. {\"cwd\":\"/home/asad/Documents/GitHub/BootCamp_Projects/amazon-clone/functions\",\"node_version\":\"12.18.1\"}"}}
[debug] [2020-09-11T17:10:06.844Z] [runtime-status] [16534] Disabled runtime features: undefined {"metadata":{"emulator":{"name":"functions"},"function":{"name":"api"},"message":"[runtime-status] [16534] Disabled runtime features: undefined"}}
[debug] [2020-09-11T17:10:06.850Z] [runtime-status] [16534] Resolved module firebase-admin {"declared":true,"installed":true,"version":"8.13.0","resolution":"/home/asad/Documents/GitHub/BootCamp_Projects/amazon-clone/functions/node_modules/firebase-admin/lib/index.js"} {"metadata":{"emulator":{"name":"functions"},"function":{"name":"api"},"message":"[runtime-status] [16534] Resolved module firebase-admin {\"declared\":true,\"installed\":true,\"version\":\"8.13.0\",\"resolution\":\"/home/asad/Documents/GitHub/BootCamp_Projects/amazon-clone/functions/node_modules/firebase-admin/lib/index.js\"}"}}
[debug] [2020-09-11T17:10:06.853Z] [runtime-status] [16534] Resolved module firebase-functions {"declared":true,"installed":true,"version":"3.11.0","resolution":"/home/asad/Documents/GitHub/BootCamp_Projects/amazon-clone/functions/node_modules/firebase-functions/lib/index.js"} {"metadata":{"emulator":{"name":"functions"},"function":{"name":"api"},"message":"[runtime-status] [16534] Resolved module firebase-functions {\"declared\":true,\"installed\":true,\"version\":\"3.11.0\",\"resolution\":\"/home/asad/Documents/GitHub/BootCamp_Projects/amazon-clone/functions/node_modules/firebase-functions/lib/index.js\"}"}}
[debug] [2020-09-11T17:10:06.855Z] [runtime-status] [16534] Resolved module firebase-functions {"declared":true,"installed":true,"version":"3.11.0","resolution":"/home/asad/Documents/GitHub/BootCamp_Projects/amazon-clone/functions/node_modules/firebase-functions/lib/index.js"} {"metadata":{"emulator":{"name":"functions"},"function":{"name":"api"},"message":"[runtime-status] [16534] Resolved module firebase-functions {\"declared\":true,\"installed\":true,\"version\":\"3.11.0\",\"resolution\":\"/home/asad/Documents/GitHub/BootCamp_Projects/amazon-clone/functions/node_modules/firebase-functions/lib/index.js\"}"}}
[debug] [2020-09-11T17:10:06.862Z] [runtime-status] [16534] Outgoing network have been stubbed. [{"name":"http","status":"mocked"},{"name":"http","status":"mocked"},{"name":"https","status":"mocked"},{"name":"https","status":"mocked"},{"name":"net","status":"mocked"}] {"metadata":{"emulator":{"name":"functions"},"function":{"name":"api"},"message":"[runtime-status] [16534] Outgoing network have been stubbed. [{\"name\":\"http\",\"status\":\"mocked\"},{\"name\":\"http\",\"status\":\"mocked\"},{\"name\":\"https\",\"status\":\"mocked\"},{\"name\":\"https\",\"status\":\"mocked\"},{\"name\":\"net\",\"status\":\"mocked\"}]"}}
[debug] [2020-09-11T17:10:06.862Z] [runtime-status] [16534] Resolved module firebase-functions {"declared":true,"installed":true,"version":"3.11.0","resolution":"/home/asad/Documents/GitHub/BootCamp_Projects/amazon-clone/functions/node_modules/firebase-functions/lib/index.js"} {"metadata":{"emulator":{"name":"functions"},"function":{"name":"api"},"message":"[runtime-status] [16534] Resolved module firebase-functions {\"declared\":true,\"installed\":true,\"version\":\"3.11.0\",\"resolution\":\"/home/asad/Documents/GitHub/BootCamp_Projects/amazon-clone/functions/node_modules/firebase-functions/lib/index.js\"}"}}
[debug] [2020-09-11T17:10:06.950Z] [runtime-status] [16534] Checked functions.config() {"config":{}} {"metadata":{"emulator":{"name":"functions"},"function":{"name":"api"},"message":"[runtime-status] [16534] Checked functions.config() {\"config\":{}}"}}
[debug] [2020-09-11T17:10:06.950Z] [runtime-status] [16534] firebase-functions has been stubbed. {"functionsResolution":{"declared":true,"installed":true,"version":"3.11.0","resolution":"/home/asad/Documents/GitHub/BootCamp_Projects/amazon-clone/functions/node_modules/firebase-functions/lib/index.js"}} {"metadata":{"emulator":{"name":"functions"},"function":{"name":"api"},"message":"[runtime-status] [16534] firebase-functions has been stubbed. {\"functionsResolution\":{\"declared\":true,\"installed\":true,\"version\":\"3.11.0\",\"resolution\":\"/home/asad/Documents/GitHub/BootCamp_Projects/amazon-clone/functions/node_modules/firebase-functions/lib/index.js\"}}"}}
[debug] [2020-09-11T17:10:06.951Z] [runtime-status] [16534] Resolved module firebase-functions {"declared":true,"installed":true,"version":"3.11.0","resolution":"/home/asad/Documents/GitHub/BootCamp_Projects/amazon-clone/functions/node_modules/firebase-functions/lib/index.js"} {"metadata":{"emulator":{"name":"functions"},"function":{"name":"api"},"message":"[runtime-status] [16534] Resolved module firebase-functions {\"declared\":true,\"installed\":true,\"version\":\"3.11.0\",\"resolution\":\"/home/asad/Documents/GitHub/BootCamp_Projects/amazon-clone/functions/node_modules/firebase-functions/lib/index.js\"}"}}
[debug] [2020-09-11T17:10:06.954Z] [runtime-status] [16534] Resolved module firebase-admin {"declared":true,"installed":true,"version":"8.13.0","resolution":"/home/asad/Documents/GitHub/BootCamp_Projects/amazon-clone/functions/node_modules/firebase-admin/lib/index.js"} {"metadata":{"emulator":{"name":"functions"},"function":{"name":"api"},"message":"[runtime-status] [16534] Resolved module firebase-admin {\"declared\":true,\"installed\":true,\"version\":\"8.13.0\",\"resolution\":\"/home/asad/Documents/GitHub/BootCamp_Projects/amazon-clone/functions/node_modules/firebase-admin/lib/index.js\"}"}}
[debug] [2020-09-11T17:10:06.954Z] [runtime-status] [16534] Resolved module firebase-functions {"declared":true,"installed":true,"version":"3.11.0","resolution":"/home/asad/Documents/GitHub/BootCamp_Projects/amazon-clone/functions/node_modules/firebase-functions/lib/index.js"} {"metadata":{"emulator":{"name":"functions"},"function":{"name":"api"},"message":"[runtime-status] [16534] Resolved module firebase-functions {\"declared\":true,\"installed\":true,\"version\":\"3.11.0\",\"resolution\":\"/home/asad/Documents/GitHub/BootCamp_Projects/amazon-clone/functions/node_modules/firebase-functions/lib/index.js\"}"}}
[debug] [2020-09-11T17:10:06.956Z] [runtime-status] [16534] firebase-admin has been stubbed. {"adminResolution":{"declared":true,"installed":true,"version":"8.13.0","resolution":"/home/asad/Documents/GitHub/BootCamp_Projects/amazon-clone/functions/node_modules/firebase-admin/lib/index.js"}} {"metadata":{"emulator":{"name":"functions"},"function":{"name":"api"},"message":"[runtime-status] [16534] firebase-admin has been stubbed. {\"adminResolution\":{\"declared\":true,\"installed\":true,\"version\":\"8.13.0\",\"resolution\":\"/home/asad/Documents/GitHub/BootCamp_Projects/amazon-clone/functions/node_modules/firebase-admin/lib/index.js\"}}"}}
[debug] [2020-09-11T17:10:07.222Z] [runtime-status] [16534] Trigger "api" has been found, beginning invocation! {"metadata":{"emulator":{"name":"functions"},"function":{"name":"api"},"message":"[runtime-status] [16534] Trigger \"api\" has been found, beginning invocation!"}}
[info] i  functions: Beginning execution of "api" {"metadata":{"emulator":{"name":"functions"},"function":{"name":"api"},"message":"Beginning execution of \"api\""}}
[debug] [2020-09-11T17:10:07.224Z] [runtime-status] [16534] triggerDefinition {"httpsTrigger":{},"name":"api","entryPoint":"api"} {"metadata":{"emulator":{"name":"functions"},"function":{"name":"api"},"message":"[runtime-status] [16534] triggerDefinition {\"httpsTrigger\":{},\"name\":\"api\",\"entryPoint\":\"api\"}"}}
[debug] [2020-09-11T17:10:07.224Z] [runtime-status] [16534] Running api in mode HTTPS {"metadata":{"emulator":{"name":"functions"},"function":{"name":"api"},"message":"[runtime-status] [16534] Running api in mode HTTPS"}}
[debug] [2020-09-11T17:10:07.231Z] [runtime-status] [16534] Attempting to listen to socketPath: /tmp/fire_emu_16534.sock {"metadata":{"emulator":{"name":"functions"},"function":{"name":"api"},"message":"[runtime-status] [16534] Attempting to listen to socketPath: /tmp/fire_emu_16534.sock"}}
[debug] [2020-09-11T17:10:07.240Z] [functions] Runtime ready! Sending request! {"metadata":{"emulator":{"name":"functions"},"message":"[functions] Runtime ready! Sending request!"}}
[debug] [2020-09-11T17:10:07.259Z] [runtime-status] [16534] Ephemeral server handling GET request {"metadata":{"emulator":{"name":"functions"},"function":{"name":"api"},"message":"[runtime-status] [16534] Ephemeral server handling GET request"}}
[debug] [2020-09-11T17:10:07.272Z] [runtime-status] [16534] Ephemeral server survived. {"metadata":{"emulator":{"name":"functions"},"function":{"name":"api"},"message":"[runtime-status] [16534] Ephemeral server survived."}}
[info] i  functions: Finished "api" in ~1s {"metadata":{"emulator":{"name":"functions"},"function":{"name":"api"},"message":"Finished \"api\" in ~1s"}}
[debug] [2020-09-11T17:10:07.278Z] [worker-api-e78ae873-9692-415e-bb92-59978afd023a]: IDLE {"metadata":{"emulator":{"name":"functions"},"message":"[worker-api-e78ae873-9692-415e-bb92-59978afd023a]: IDLE"}}
[debug] [2020-09-11T17:10:07.278Z] [work-queue] {"queueLength":0,"workRunningCount":0}
[debug] [2020-09-11T17:42:01.814Z] [work-queue] {"queueLength":1,"workRunningCount":0}
[debug] [2020-09-11T17:42:01.816Z] [work-queue] {"queueLength":0,"workRunningCount":1}
[debug] [2020-09-11T17:42:01.816Z] Accepted request GET /amzone-challenge/us-central1/api --> api
[debug] [2020-09-11T17:42:01.816Z] [worker-pool] submitWork(triggerId=api) {"metadata":{"emulator":{"name":"functions"},"message":"[worker-pool] submitWork(triggerId=api)"}}
[debug] [2020-09-11T17:42:01.818Z] [worker-api-e78ae873-9692-415e-bb92-59978afd023a]: Assigning socketPath: /tmp/fire_emu_16534.sock {"metadata":{"emulator":{"name":"functions"},"message":"[worker-api-e78ae873-9692-415e-bb92-59978afd023a]: Assigning socketPath: /tmp/fire_emu_16534.sock"}}
[debug] [2020-09-11T17:42:01.819Z] [worker-api-e78ae873-9692-415e-bb92-59978afd023a]: BUSY {"metadata":{"emulator":{"name":"functions"},"message":"[worker-api-e78ae873-9692-415e-bb92-59978afd023a]: BUSY"}}
[debug] [2020-09-11T17:42:01.825Z] [runtime-status] [16534] Trigger "api" has been found, beginning invocation! {"metadata":{"emulator":{"name":"functions"},"function":{"name":"api"},"message":"[runtime-status] [16534] Trigger \"api\" has been found, beginning invocation!"}}
[info] i  functions: Beginning execution of "api" {"metadata":{"emulator":{"name":"functions"},"function":{"name":"api"},"message":"Beginning execution of \"api\""}}
[debug] [2020-09-11T17:42:01.828Z] [runtime-status] [16534] triggerDefinition {"httpsTrigger":{},"name":"api","entryPoint":"api"} {"metadata":{"emulator":{"name":"functions"},"function":{"name":"api"},"message":"[runtime-status] [16534] triggerDefinition {\"httpsTrigger\":{},\"name\":\"api\",\"entryPoint\":\"api\"}"}}
[debug] [2020-09-11T17:42:01.828Z] [runtime-status] [16534] Running api in mode HTTPS {"metadata":{"emulator":{"name":"functions"},"function":{"name":"api"},"message":"[runtime-status] [16534] Running api in mode HTTPS"}}
[debug] [2020-09-11T17:42:01.829Z] [runtime-status] [16534] Attempting to listen to socketPath: /tmp/fire_emu_16534.sock {"metadata":{"emulator":{"name":"functions"},"function":{"name":"api"},"message":"[runtime-status] [16534] Attempting to listen to socketPath: /tmp/fire_emu_16534.sock"}}
[debug] [2020-09-11T17:42:01.844Z] [functions] Runtime ready! Sending request! {"metadata":{"emulator":{"name":"functions"},"message":"[functions] Runtime ready! Sending request!"}}
[debug] [2020-09-11T17:42:01.873Z] [runtime-status] [16534] Ephemeral server handling GET request {"metadata":{"emulator":{"name":"functions"},"function":{"name":"api"},"message":"[runtime-status] [16534] Ephemeral server handling GET request"}}
[debug] [2020-09-11T17:42:01.884Z] [runtime-status] [16534] Ephemeral server survived. {"metadata":{"emulator":{"name":"functions"},"function":{"name":"api"},"message":"[runtime-status] [16534] Ephemeral server survived."}}
[info] i  functions: Finished "api" in ~1s {"metadata":{"emulator":{"name":"functions"},"function":{"name":"api"},"message":"Finished \"api\" in ~1s"}}
[debug] [2020-09-11T17:42:01.885Z] [worker-api-e78ae873-9692-415e-bb92-59978afd023a]: IDLE {"metadata":{"emulator":{"name":"functions"},"message":"[worker-api-e78ae873-9692-415e-bb92-59978afd023a]: IDLE"}}
[debug] [2020-09-11T17:42:01.886Z] [work-queue] {"queueLength":0,"workRunningCount":0}
[debug] [2020-09-11T17:46:29.479Z] Functions emulator received unknown request at path /favicon.ico
